2024-11-25T00:02:35+00:00 CRITICAL Allowed memory size of 268435456 bytes exhausted (tried to allocate 67108872 bytes) in /home/sinhnguy/sinhnguyencoffee.com/wp-includes/formatting.php on line 616

2024-11-25T04:00:37+00:00 CRITICAL require(): Failed opening required '/home/sinhnguy/sinhnguyencoffee.com/wp-content/plugins/smart-slider-3/Nextend/SmartSlider3/Platform/WordPress/Integration/ACF/AcfFieldSmartSlider3.php' (include_path='.:/opt/alt/php74/usr/share/pear') in /home/sinhnguy/sinhnguyencoffee.com/wp-content/plugins/smart-slider-3/Nextend/Autoloader.php on line 194

2024-11-25T04:01:10+00:00 CRITICAL Uncaught Error: Class 'WPML_Troubleshoot_Action' not found in /home/sinhnguy/sinhnguyencoffee.com/wp-content/plugins/sitepress-multilingual-cms/sitepress.php:423
Stack trace:
#0 /home/sinhnguy/sinhnguyencoffee.com/wp-includes/class-wp-hook.php(324): wpml_troubleshoot_action_load('')
#1 /home/sinhnguy/sinhnguyencoffee.com/wp-includes/class-wp-hook.php(348): WP_Hook->apply_filters(NULL, Array)
#2 /home/sinhnguy/sinhnguyencoffee.com/wp-includes/plugin.php(517): WP_Hook->do_action(Array)
#3 /home/sinhnguy/sinhnguyencoffee.com/wp-admin/admin-ajax.php(45): do_action('admin_init')
#4 {main}
  thrown in /home/sinhnguy/sinhnguyencoffee.com/wp-content/plugins/sitepress-multilingual-cms/sitepress.php on line 423

2024-11-25T04:01:10+00:00 CRITICAL Uncaught Error: Class 'Puc_v4p10_Metadata' not found in /home/sinhnguy/sinhnguyencoffee.com/wp-content/plugins/admin-menu-editor-pro/plugin-updates/Puc/v4p10/Update.php:10
Stack trace:
#0 /home/sinhnguy/sinhnguyencoffee.com/wp-content/plugins/admin-menu-editor-pro/plugin-updates/Puc/v4p10/Autoloader.php(57): include()
#1 [internal function]: Puc_v4p10_Autoloader->autoload('Puc_v4p10_Updat...')
#2 /home/sinhnguy/sinhnguyencoffee.com/wp-content/plugins/admin-menu-editor-pro/plugin-updates/Puc/v4p10/Plugin/Update.php(11): spl_autoload_call('Puc_v4p10_Updat...')
#3 /home/sinhnguy/sinhnguyencoffee.com/wp-content/plugins/admin-menu-editor-pro/plugin-updates/Puc/v4p10/Autoloader.php(57): include('/home/sinhnguy/...')
#4 [internal function]: Puc_v4p10_Autoloader->autoload('Puc_v4p10_Plugi...')
#5 /home/sinhnguy/sinhnguyencoffee.com/wp-content/plugins/admin-menu-editor-pro/plugin-updates/Puc/v4p10/StateStore.php(188): spl_autoload_call('Puc_v4p10_Plugi...')
#6 /home/sinhnguy/sinhnguyencoffee.com/wp-content/plugins/adm in /home/sinhnguy/sinhnguyencoffee.com/wp-content/plugins/admin-menu-editor-pro/plugin-updates/Puc/v4p10/Update.php on line 10

2024-11-25T04:01:10+00:00 CRITICAL Uncaught Error: Class 'Puc_v4p10_Metadata' not found in /home/sinhnguy/sinhnguyencoffee.com/wp-content/plugins/admin-menu-editor-pro/plugin-updates/Puc/v4p10/Update.php:10
Stack trace:
#0 /home/sinhnguy/sinhnguyencoffee.com/wp-content/plugins/admin-menu-editor-pro/plugin-updates/Puc/v4p10/Autoloader.php(57): include()
#1 [internal function]: Puc_v4p10_Autoloader->autoload('Puc_v4p10_Updat...')
#2 /home/sinhnguy/sinhnguyencoffee.com/wp-content/plugins/admin-menu-editor-pro/plugin-updates/Puc/v4p10/Plugin/Update.php(11): spl_autoload_call('Puc_v4p10_Updat...')
#3 /home/sinhnguy/sinhnguyencoffee.com/wp-content/plugins/admin-menu-editor-pro/plugin-updates/Puc/v4p10/Autoloader.php(57): include('/home/sinhnguy/...')
#4 [internal function]: Puc_v4p10_Autoloader->autoload('Puc_v4p10_Plugi...')
#5 /home/sinhnguy/sinhnguyencoffee.com/wp-content/plugins/admin-menu-editor-pro/plugin-updates/Puc/v4p10/StateStore.php(188): spl_autoload_call('Puc_v4p10_Plugi...')
#6 /home/sinhnguy/sinhnguyencoffee.com/wp-content/plugins/adm in /home/sinhnguy/sinhnguyencoffee.com/wp-content/plugins/admin-menu-editor-pro/plugin-updates/Puc/v4p10/Update.php on line 10

2024-11-25T04:01:10+00:00 CRITICAL Uncaught Error: Class 'WPML_TF_TP_Ratings_Synchronize_Factory' not found in /home/sinhnguy/sinhnguyencoffee.com/wp-content/plugins/sitepress-multilingual-cms/classes/translation-feedback/factories/action-loaders/wpml-tf-wp-cron-event-factory.php:14
Stack trace:
#0 /home/sinhnguy/sinhnguyencoffee.com/wp-content/plugins/sitepress-multilingual-cms/classes/action-filter-loader/class-wpml-action-filter-loader.php(148): WPML_TF_WP_Cron_Events_Factory->create()
#1 /home/sinhnguy/sinhnguyencoffee.com/wp-content/plugins/sitepress-multilingual-cms/classes/action-filter-loader/class-wpml-action-filter-loader.php(96): WPML_Action_Filter_Loader->run_factory(Object(WPML_TF_WP_Cron_Events_Factory))
#2 /home/sinhnguy/sinhnguyencoffee.com/wp-content/plugins/sitepress-multilingual-cms/classes/action-filter-loader/class-wpml-action-filter-loader.php(80): WPML_Action_Filter_Loader->load_factory(Object(WPML_TF_WP_Cron_Events_Factory))
#3 /home/sinhnguy/sinhnguyencoffee.com/wp-content/plugins/sitepress-multilingual-cms/classes/act in /home/sinhnguy/sinhnguyencoffee.com/wp-content/plugins/sitepress-multilingual-cms/classes/translation-feedback/factories/action-loaders/wpml-tf-wp-cron-event-factory.php on line 14

2024-11-25T04:01:53+00:00 CRITICAL Uncaught Error: Class 'WPML_LS_Inline_Styles' not found in /home/sinhnguy/sinhnguyencoffee.com/wp-content/plugins/sitepress-multilingual-cms/classes/language-switcher/class-wpml-ls-dependencies-factory.php:114
Stack trace:
#0 /home/sinhnguy/sinhnguyencoffee.com/wp-content/plugins/sitepress-multilingual-cms/classes/language-switcher/class-wpml-ls-dependencies-factory.php(125): WPML_LS_Dependencies_Factory->inline_styles()
#1 /home/sinhnguy/sinhnguyencoffee.com/wp-content/plugins/sitepress-multilingual-cms/classes/language-switcher/class-wpml-language-switcher.php(31): WPML_LS_Dependencies_Factory->render()
#2 /home/sinhnguy/sinhnguyencoffee.com/wp-content/plugins/sitepress-multilingual-cms/sitepress.php(364): WPML_Language_Switcher->init_hooks()
#3 /home/sinhnguy/sinhnguyencoffee.com/wp-content/plugins/sitepress-multilingual-cms/sitepress.php(384): wpml_init_language_switcher()
#4 /home/sinhnguy/sinhnguyencoffee.com/wp-includes/class-wp-hook.php(324): wpml_loaded(Object(SitePress))
#5 /home/sinhnguy/sinhnguyen in /home/sinhnguy/sinhnguyencoffee.com/wp-content/plugins/sitepress-multilingual-cms/classes/language-switcher/class-wpml-ls-dependencies-factory.php on line 114

2024-11-25T04:01:56+00:00 CRITICAL Uncaught Error: Class 'WPML_TM_Translation_Jobs_Fix_Summary_Notice' not found in /home/sinhnguy/sinhnguyencoffee.com/wp-content/plugins/sitepress-multilingual-cms/classes/notices/translation-jobs-migration/class-wpml-tm-translation-jobs-fix-summary-factory.php:11
Stack trace:
#0 /home/sinhnguy/sinhnguyencoffee.com/wp-content/plugins/sitepress-multilingual-cms/classes/action-filter-loader/class-wpml-action-filter-loader.php(148): WPML_TM_Translation_Jobs_Fix_Summary_Factory->create()
#1 /home/sinhnguy/sinhnguyencoffee.com/wp-content/plugins/sitepress-multilingual-cms/classes/action-filter-loader/class-wpml-action-filter-loader.php(96): WPML_Action_Filter_Loader->run_factory(Object(WPML_TM_Translation_Jobs_Fix_Summary_Factory))
#2 /home/sinhnguy/sinhnguyencoffee.com/wp-content/plugins/sitepress-multilingual-cms/classes/action-filter-loader/class-wpml-action-filter-loader.php(80): WPML_Action_Filter_Loader->load_factory(Object(WPML_TM_Translation_Jobs_Fix_Summary_Factory))
#3 /home/sinhnguy/sinhnguyencoffee.com/ in /home/sinhnguy/sinhnguyencoffee.com/wp-content/plugins/sitepress-multilingual-cms/classes/notices/translation-jobs-migration/class-wpml-tm-translation-jobs-fix-summary-factory.php on line 11

2024-11-25T04:01:57+00:00 CRITICAL require(): Failed opening required '/home/sinhnguy/sinhnguyencoffee.com/wp-content/themes/tinhdev/vendor/composer/platform_check.php' (include_path='.:/opt/alt/php74/usr/share/pear') in /home/sinhnguy/sinhnguyencoffee.com/wp-content/themes/tinhdev/vendor/composer/autoload_real.php on line 25

2024-11-25T04:01:57+00:00 CRITICAL require_once(): Failed opening required '/home/sinhnguy/sinhnguyencoffee.com/wp-content/themes/genesis/lib/functions/markup.php' (include_path='.:/opt/alt/php74/usr/share/pear') in /home/sinhnguy/sinhnguyencoffee.com/wp-content/themes/genesis/lib/init.php on line 372

2024-11-25T04:01:57+00:00 CRITICAL require_once(): Failed opening required '/home/sinhnguy/sinhnguyencoffee.com/wp-content/themes/genesis/lib/functions/compat.php' (include_path='.:/opt/alt/php74/usr/share/pear') in /home/sinhnguy/sinhnguyencoffee.com/wp-content/themes/genesis/lib/init.php on line 368

2024-11-25T04:06:22+00:00 CRITICAL Uncaught Error: Class 'WPML\TM\Jobs\Query\AbstractQuery' not found in /home/sinhnguy/sinhnguyencoffee.com/wp-content/plugins/sitepress-multilingual-cms/classes/jobs/query/PostQuery.php:7
Stack trace:
#0 /home/sinhnguy/sinhnguyencoffee.com/wp-content/plugins/sitepress-multilingual-cms/vendor/composer/ClassLoader.php(571): include()
#1 /home/sinhnguy/sinhnguyencoffee.com/wp-content/plugins/sitepress-multilingual-cms/vendor/composer/ClassLoader.php(428): Composer\Autoload\includeFile('/home/sinhnguy/...')
#2 [internal function]: Composer\Autoload\ClassLoader->loadClass('WPML\\TM\\Jobs\\Qu...')
#3 /home/sinhnguy/sinhnguyencoffee.com/wp-content/plugins/sitepress-multilingual-cms/inc/functions-load-tm.php(710): spl_autoload_call('WPML\\TM\\Jobs\\Qu...')
#4 /home/sinhnguy/sinhnguyencoffee.com/wp-content/plugins/sitepress-multilingual-cms/classes/notices/translation-jobs-migration/class-wpml-tm-troubleshooting-fix-translation-jobs-tp-id-factory.php(8): wpml_tm_get_jobs_repository()
#5 /home/sinhnguy/sinhnguyencoffee. in /home/sinhnguy/sinhnguyencoffee.com/wp-content/plugins/sitepress-multilingual-cms/classes/jobs/query/PostQuery.php on line 7

2024-11-25T04:06:26+00:00 CRITICAL require(): Failed opening required '/home/sinhnguy/sinhnguyencoffee.com/wp-content/plugins/woocommerce/packages/woocommerce-blocks/build/active-filters-frontend.asset.php' (include_path='.:/opt/alt/php74/usr/share/pear') in /home/sinhnguy/sinhnguyencoffee.com/wp-content/plugins/woocommerce/packages/woocommerce-blocks/src/Assets/Api.php on line 98

2024-11-25T04:06:26+00:00 CRITICAL require(): Failed opening required '/home/sinhnguy/sinhnguyencoffee.com/wp-content/plugins/woocommerce/packages/woocommerce-blocks/src/BlockTypes/AbstractBlock.php' (include_path='.:/opt/alt/php74/usr/share/pear') in /home/sinhnguy/sinhnguyencoffee.com/wp-content/plugins/woocommerce/vendor/jetpack-autoloader/class-php-autoloader.php on line 87

2024-11-25T04:06:46+00:00 CRITICAL require_once(): Failed opening required '/home/sinhnguy/sinhnguyencoffee.com/wp-content/plugins/easy-table-of-contents/includes/class-eztoc-option.php' (include_path='.:/opt/alt/php74/usr/share/pear') in /home/sinhnguy/sinhnguyencoffee.com/wp-content/plugins/easy-table-of-contents/easy-table-of-contents.php on line 129

2024-11-25T04:06:49+00:00 CRITICAL require_once(): Failed opening required '/home/sinhnguy/sinhnguyencoffee.com/wp-content/plugins/easy-table-of-contents/includes/class-eztoc-option.php' (include_path='.:/opt/alt/php74/usr/share/pear') in /home/sinhnguy/sinhnguyencoffee.com/wp-content/plugins/easy-table-of-contents/easy-table-of-contents.php on line 129

2024-11-25T04:12:57+00:00 CRITICAL Uncaught Error: Class 'WPML_User_Jobs_Notification_Settings' not found in /home/sinhnguy/sinhnguyencoffee.com/wp-content/plugins/sitepress-multilingual-cms/inc/functions-load-tm.php:280
Stack trace:
#0 /home/sinhnguy/sinhnguyencoffee.com/wp-content/plugins/sitepress-multilingual-cms/inc/functions-load-tm.php(432): wpml_tm_init_mail_notifications()
#1 /home/sinhnguy/sinhnguyencoffee.com/wp-content/plugins/sitepress-multilingual-cms/classes/class-wpml-tm-loader.php(17): tm_after_load()
#2 /home/sinhnguy/sinhnguyencoffee.com/wp-content/plugins/sitepress-multilingual-cms/classes/class-wpml-translation-management.php(81): WPML_TM_Loader->tm_after_load()
#3 /home/sinhnguy/sinhnguyencoffee.com/wp-content/plugins/sitepress-multilingual-cms/tm.php(75): WPML_Translation_Management->load()
#4 /home/sinhnguy/sinhnguyencoffee.com/wp-includes/class-wp-hook.php(324): wpml_tm_load(Object(SitePress))
#5 /home/sinhnguy/sinhnguyencoffee.com/wp-includes/class-wp-hook.php(348): WP_Hook->apply_filters(NULL, Array)
#6 /home/sinhngu in /home/sinhnguy/sinhnguyencoffee.com/wp-content/plugins/sitepress-multilingual-cms/inc/functions-load-tm.php on line 280

2024-11-25T04:13:13+00:00 CRITICAL require(): Failed opening required '/home/sinhnguy/sinhnguyencoffee.com/wp-content/plugins/woocommerce/src/Admin/API/Reports/DataStore.php' (include_path='.:/opt/alt/php74/usr/share/pear') in /home/sinhnguy/sinhnguyencoffee.com/wp-content/plugins/woocommerce/vendor/jetpack-autoloader/class-php-autoloader.php on line 87

2024-11-25T04:13:13+00:00 CRITICAL require(): Failed opening required '/home/sinhnguy/sinhnguyencoffee.com/wp-content/plugins/woocommerce/src/Admin/Notes/Notes.php' (include_path='.:/opt/alt/php74/usr/share/pear') in /home/sinhnguy/sinhnguyencoffee.com/wp-content/plugins/woocommerce/vendor/jetpack-autoloader/class-php-autoloader.php on line 87

2024-11-25T04:13:15+00:00 CRITICAL Uncaught Error: Class 'WPML\PB\Gutenberg\StringsInBlock\Base' not found in /home/sinhnguy/sinhnguyencoffee.com/wp-content/plugins/sitepress-multilingual-cms/addons/wpml-page-builders/classes/Integrations/Gutenberg/strings-in-block/class-html.php:14
Stack trace:
#0 /home/sinhnguy/sinhnguyencoffee.com/wp-content/plugins/sitepress-multilingual-cms/vendor/composer/ClassLoader.php(571): include()
#1 /home/sinhnguy/sinhnguyencoffee.com/wp-content/plugins/sitepress-multilingual-cms/vendor/composer/ClassLoader.php(428): Composer\Autoload\includeFile('/home/sinhnguy/...')
#2 [internal function]: Composer\Autoload\ClassLoader->loadClass('WPML\\PB\\Gutenbe...')
#3 /home/sinhnguy/sinhnguyencoffee.com/wp-content/plugins/sitepress-multilingual-cms/addons/wpml-page-builders/classes/Integrations/Gutenberg/class-wpml-gutenberg-integration-factory.php(83): spl_autoload_call('WPML\\PB\\Gutenbe...')
#4 /home/sinhnguy/sinhnguyencoffee.com/wp-content/plugins/sitepress-multilingual-cms/addons/wpml-page-builders/classes/Integrations in /home/sinhnguy/sinhnguyencoffee.com/wp-content/plugins/sitepress-multilingual-cms/addons/wpml-page-builders/classes/Integrations/Gutenberg/strings-in-block/class-html.php on line 14

2024-11-25T04:13:15+00:00 CRITICAL Uncaught Error: Class 'WPML\PB\Gutenberg\StringsInBlock\Base' not found in /home/sinhnguy/sinhnguyencoffee.com/wp-content/plugins/sitepress-multilingual-cms/addons/wpml-page-builders/classes/Integrations/Gutenberg/strings-in-block/class-html.php:14
Stack trace:
#0 /home/sinhnguy/sinhnguyencoffee.com/wp-content/plugins/sitepress-multilingual-cms/vendor/composer/ClassLoader.php(571): include()
#1 /home/sinhnguy/sinhnguyencoffee.com/wp-content/plugins/sitepress-multilingual-cms/vendor/composer/ClassLoader.php(428): Composer\Autoload\includeFile('/home/sinhnguy/...')
#2 [internal function]: Composer\Autoload\ClassLoader->loadClass('WPML\\PB\\Gutenbe...')
#3 /home/sinhnguy/sinhnguyencoffee.com/wp-content/plugins/sitepress-multilingual-cms/addons/wpml-page-builders/classes/Integrations/Gutenberg/class-wpml-gutenberg-integration-factory.php(83): spl_autoload_call('WPML\\PB\\Gutenbe...')
#4 /home/sinhnguy/sinhnguyencoffee.com/wp-content/plugins/sitepress-multilingual-cms/addons/wpml-page-builders/classes/Integrations in /home/sinhnguy/sinhnguyencoffee.com/wp-content/plugins/sitepress-multilingual-cms/addons/wpml-page-builders/classes/Integrations/Gutenberg/strings-in-block/class-html.php on line 14

2024-11-25T04:13:38+00:00 CRITICAL require(): Failed opening required '/home/sinhnguy/sinhnguyencoffee.com/wp-includes/blocks/blocks-json.php' (include_path='.:/opt/alt/php74/usr/share/pear') in /home/sinhnguy/sinhnguyencoffee.com/wp-includes/blocks.php on line 347

2024-11-25T04:13:42+00:00 CRITICAL Uncaught Error: Class 'WpOrg\Requests\Response' not found in /home/sinhnguy/sinhnguyencoffee.com/wp-includes/Requests/src/Requests.php:724
Stack trace:
#0 /home/sinhnguy/sinhnguyencoffee.com/wp-includes/Requests/src/Requests.php(473): WpOrg\Requests\Requests::parse_response('', 'https://sinhngu...', Array, NULL, Array)
#1 /home/sinhnguy/sinhnguyencoffee.com/wp-includes/class-wp-http.php(396): WpOrg\Requests\Requests::request('https://sinhngu...', Array, NULL, 'POST', Array)
#2 /home/sinhnguy/sinhnguyencoffee.com/wp-includes/class-wp-http.php(619): WP_Http->request('https://sinhngu...', Array)
#3 /home/sinhnguy/sinhnguyencoffee.com/wp-includes/http.php(186): WP_Http->post('https://sinhngu...', Array)
#4 /home/sinhnguy/sinhnguyencoffee.com/wp-includes/cron.php(948): wp_remote_post('https://sinhngu...', Array)
#5 /home/sinhnguy/sinhnguyencoffee.com/wp-includes/cron.php(1028): spawn_cron(1732508020.8564)
#6 /home/sinhnguy/sinhnguyencoffee.com/wp-includes/class-wp-hook.php(324): _wp_cron('')
#7 /home/sinhnguy/sinh in /home/sinhnguy/sinhnguyencoffee.com/wp-includes/Requests/src/Requests.php on line 724

